Loading similarities between waxes. This may take a while.
25% complete loading.
50% complete loading.
75% complete loading.
100% complete loading.

### Top 100 Wax Recommendations ###

Recommendation Number 1:
----------------------------------------
Wax:
	 Layer 1 = Swix HF10 BWX
	 Layer 2 = Ski Go C44 powder
	 Layer 3 = Vauhti hfC9.1 Sprint Gel
Rating:
	 Predicted rating = 5.0 
	 based on:
	 	 previous rating for this wax by this snow
----------------------------------------

Recommendation Number 2:
----------------------------------------
Wax:
	 Layer 1 = Swix CH5X
	 Layer 2 = Swix FC5X
	 Layer 3 = Vauhti Foxgel minus
Rating:
	 Predicted rating = 4.8 
	 based on:
	 	 previous rating for this wax by this snow
----------------------------------------

Recommendation Number 3:
----------------------------------------
Wax:
	 Layer 1 = Start HF4 Red
	 Layer 2 = Vauhti Zerofox
	 Layer 3 = Ski Go C55/C99 liquid
Rating:
	 Predicted rating = 4.3 
	 based on:
	 	 previous rating for this wax by this snow
----------------------------------------

Recommendation Number 4:
----------------------------------------
Wax:
	 Layer 1 = Swix HF5 BWX
	 Layer 2 = Start SFR99 Block
Rating:
	 Predicted rating = 4.3 
	 based on:
	 	 previous rating for this wax by this snow
----------------------------------------

Recommendation Number 5:
----------------------------------------
Wax:
	 Layer 1 = Swix CH5X
	 Layer 2 = Vauhti Goldfox powder
	 Layer 3 = Ski Go C55/C99 liquid
Rating:
	 Predicted rating = 4.2 
	 based on:
	 	 previous rating for this wax by this snow
----------------------------------------

Recommendation Number 6:
----------------------------------------
Wax:
	 Layer 1 = Swix HF4X
	 Layer 2 = Toko Jetstream Powder Red
	 Layer 3 = Toko HelX Liquid Yellow
Rating:
	 Predicted rating = 4.2 
	 based on:
	 	 previous rating for this wax by this snow
----------------------------------------

Recommendation Number 7:
----------------------------------------
Wax:
	 Layer 1 = Toko HF Blue
	 Layer 2 = Vauhti hfC15.1
	 Layer 3 = Swix HVC Cold
Rating:
	 Predicted rating = 4.2 
	 based on:
	 	 previous rating for this wax by this snow
----------------------------------------

Recommendation Number 8:
----------------------------------------
Wax:
	 Layer 1 = Start HF8 Blue
	 Layer 2 = Start SFR92 Block
	 Layer 3 = Vauhti Foxgel minus
Rating:
	 Predicted rating = 4.2 
	 based on:
	 	 previous rating for this wax by this snow
----------------------------------------

Recommendation Number 9:
----------------------------------------
Wax:
	 Layer 1 = Vauhti HF Silver
	 Layer 2 = Ski Go C44 powder
	 Layer 3 = Start SFR300 Liquid
Rating:
	 Predicted rating = 4.2 
	 based on:
	 	 previous rating for this wax by this snow
----------------------------------------

Recommendation Number 10:
----------------------------------------
Wax:
	 Layer 1 = Swix HF5X
	 Layer 2 = Swix FC6X
Rating:
	 Predicted rating = 3.7 
	 based on:
	 	 similar waxes with a weight of 0.5
	 	 similar snows with a weight of 0.5
----------------------------------------

Recommendation Number 11:
----------------------------------------
Wax:
	 Layer 1 = Swix CH6X
	 Layer 2 = Swix FC6X
	 Layer 3 = Ski Go C44/7 liquid
Rating:
	 Predicted rating = 3.7 
	 based on:
	 	 similar waxes with a weight of 0.5
	 	 similar snows with a weight of 0.5
----------------------------------------

Recommendation Number 12:
----------------------------------------
Wax:
	 Layer 1 = Vauhti HF Blue + Yellow
	 Layer 2 = Start SFR40 Powder
	 Layer 3 = Ski Go C22 liquid
Rating:
	 Predicted rating = 3.6 
	 based on:
	 	 similar waxes with a weight of 0.5
	 	 similar snows with a weight of 0.5
----------------------------------------

Recommendation Number 13:
----------------------------------------
Wax:
	 Layer 1 = Swix HF4X
	 Layer 2 = Start SFR92 Block
	 Layer 3 = Toko HelX Liquid Blue
Rating:
	 Predicted rating = 3.6 
	 based on:
	 	 previous rating for this wax by this snow
----------------------------------------

Recommendation Number 14:
----------------------------------------
Wax:
	 Layer 1 = Toko HF Blue + Black
	 Layer 2 = Start SFR75 Powder
	 Layer 3 = Toko HelX Liquid Red
Rating:
	 Predicted rating = 3.6 
	 based on:
	 	 previous rating for this wax by this snow
----------------------------------------

Recommendation Number 15:
----------------------------------------
Wax:
	 Layer 1 = Start BM6 Molybdenum
	 Layer 2 = Vauhti Blackfox powder
	 Layer 3 = Ski Go C22 liquid
Rating:
	 Predicted rating = 3.5 
	 based on:
	 	 similar waxes with a weight of 0.5
	 	 similar snows with a weight of 0.5
----------------------------------------

Recommendation Number 16:
----------------------------------------
Wax:
	 Layer 1 = Swix HF7X
	 Layer 2 = Swix FC8X
	 Layer 3 = Swix HVC Warm
Rating:
	 Predicted rating = 3.5 
	 based on:
	 	 similar waxes with a weight of 0.5
	 	 similar snows with a weight of 0.5
----------------------------------------

Recommendation Number 17:
----------------------------------------
Wax:
	 Layer 1 = Vauhti HF Blue
	 Layer 2 = Vauhti Goldfox powder
	 Layer 3 = Start SFR40 Liquid
Rating:
	 Predicted rating = 3.4 
	 based on:
	 	 previous rating for this wax by this snow
----------------------------------------

Recommendation Number 18:
----------------------------------------
Wax:
	 Layer 1 = Vauhti HF Molybden
	 Layer 2 = Swix FC4X
	 Layer 3 = Ski Go C105 liquid
Rating:
	 Predicted rating = 3.4 
	 based on:
	 	 similar waxes with a weight of 0.5
	 	 similar snows with a weight of 0.5
----------------------------------------

Recommendation Number 19:
----------------------------------------
Wax:
	 Layer 1 = Vauhti HF Violet
	 Layer 2 = Toko Jetstream Powder Yellow
	 Layer 3 = Ski Go C22 liquid
Rating:
	 Predicted rating = 3.4 
	 based on:
	 	 similar waxes with a weight of 0.5
	 	 similar snows with a weight of 0.5
----------------------------------------

Recommendation Number 20:
----------------------------------------
Wax:
	 Layer 1 = Swix CH4X
	 Layer 2 = Vauhti Blackfox powder
	 Layer 3 = Swix HVC Warm
Rating:
	 Predicted rating = 3.4 
	 based on:
	 	 similar waxes with a weight of 0.5
	 	 similar snows with a weight of 0.5
----------------------------------------

Recommendation Number 21:
----------------------------------------
Wax:
	 Layer 1 = Vauhti HF Blue + Yellow
	 Layer 2 = Vauhti Blackfox powder
	 Layer 3 = Ski Go C44/7 liquid
Rating:
	 Predicted rating = 3.4 
	 based on:
	 	 similar waxes with a weight of 0.5
	 	 similar snows with a weight of 0.5
----------------------------------------

Recommendation Number 22:
----------------------------------------
Wax:
	 Layer 1 = Swix HF7 BWX
	 Layer 2 = Ski Go C105 powder
	 Layer 3 = Ski Go C44/7 liquid
Rating:
	 Predicted rating = 3.3 
	 based on:
	 	 similar waxes with a weight of 0.5
	 	 similar snows with a weight of 0.5
----------------------------------------

Recommendation Number 23:
----------------------------------------
Wax:
	 Layer 1 = Vauhti HF Blue + Yellow
	 Layer 2 = Vauhti Blackfox powder
	 Layer 3 = Ski Go C105 liquid
Rating:
	 Predicted rating = 3.3 
	 based on:
	 	 similar waxes with a weight of 0.5
	 	 similar snows with a weight of 0.5
----------------------------------------

Recommendation Number 24:
----------------------------------------
Wax:
	 Layer 1 = Toko HF Blue + Black
	 Layer 2 = Ski Go C44/7 powder
	 Layer 3 = Toko HelX Liquid Blue
Rating:
	 Predicted rating = 3.2 
	 based on:
	 	 previous rating for this wax by this snow
----------------------------------------

Recommendation Number 25:
----------------------------------------
Wax:
	 Layer 1 = Ski Fo HF Red
	 Layer 2 = Vauhti hfC21.1
	 Layer 3 = Ski Go C44/7 liquid
Rating:
	 Predicted rating = 3.0 
	 based on:
	 	 similar waxes with a weight of 0.5
	 	 similar snows with a weight of 0.5
----------------------------------------

Recommendation Number 26:
----------------------------------------
Wax:
	 Layer 1 = Swix HF6 BWX
	 Layer 2 = Swix FC7X
	 Layer 3 = Swix HVC Warm
Rating:
	 Predicted rating = 2.9 
	 based on:
	 	 similar waxes with a weight of 0.5
	 	 similar snows with a weight of 0.5
----------------------------------------

Recommendation Number 27:
----------------------------------------
Wax:
	 Layer 1 = Start HFG
	 Layer 2 = Vauhti hfC9.1
	 Layer 3 = Ski Go C22 liquid
Rating:
	 Predicted rating = 2.9 
	 based on:
	 	 similar waxes with a weight of 0.5
	 	 similar snows with a weight of 0.5
----------------------------------------

Recommendation Number 28:
----------------------------------------
Wax:
	 Layer 1 = Toko HF Red + Black
	 Layer 2 = Start SFR60 Powder
	 Layer 3 = Vauhti hfC15.1 Flour Carbon Gel
Rating:
	 Predicted rating = 2.6 
	 based on:
	 	 previous rating for this wax by this snow
----------------------------------------

Recommendation Number 29:
----------------------------------------
Wax:
	 Layer 1 = Toko HF Red
	 Layer 2 = Start SFR40 Powder
	 Layer 3 = Vauhti Foxgel wet
Rating:
	 Predicted rating = 2.6 
	 based on:
	 	 similar waxes with a weight of 0.5
	 	 similar snows with a weight of 0.5
----------------------------------------

Recommendation Number 30:
----------------------------------------
Wax:
	 Layer 1 = Ski Fo HF Red
	 Layer 2 = Swix FC10X
	 Layer 3 = Toko HelX Liquid Yellow
Rating:
	 Predicted rating = 2.5 
	 based on:
	 	 similar waxes with a weight of 0.5
	 	 similar snows with a weight of 0.5
----------------------------------------

Recommendation Number 31:
----------------------------------------
Wax:
	 Layer 1 = Start BM4 Molybdenum
	 Layer 2 = Vauhti Silverfox wet
	 Layer 3 = Toko HelX Liquid Red
Rating:
	 Predicted rating = 2.5 
	 based on:
	 	 similar waxes with a weight of 0.5
	 	 similar snows with a weight of 0.5
----------------------------------------

Recommendation Number 32:
----------------------------------------
Wax:
	 Layer 1 = Start HF10 Green
	 Layer 2 = Vauhti hfC9.1
	 Layer 3 = Toko HelX Liquid Red
Rating:
	 Predicted rating = 2.5 
	 based on:
	 	 similar waxes with a weight of 0.5
	 	 similar snows with a weight of 0.5
----------------------------------------

Recommendation Number 33:
----------------------------------------
Wax:
	 Layer 1 = Swix HF8 BWX
	 Layer 2 = Start SFR99 Block
	 Layer 3 = Swix HVC Warm
Rating:
	 Predicted rating = 2.5 
	 based on:
	 	 similar waxes with a weight of 0.5
	 	 similar snows with a weight of 0.5
----------------------------------------

Recommendation Number 34:
----------------------------------------
Wax:
	 Layer 1 = Swix HF8 BWX
	 Layer 2 = Ski Go C105 powder
	 Layer 3 = Start SFR300 Liquid
Rating:
	 Predicted rating = 2.5 
	 based on:
	 	 similar waxes with a weight of 0.5
	 	 similar snows with a weight of 0.5
----------------------------------------

Recommendation Number 35:
----------------------------------------
Wax:
	 Layer 1 = Swix HF4 BWX
	 Layer 2 = Vauhti Blackfox powder
	 Layer 3 = Swix HVC Warm
Rating:
	 Predicted rating = 2.5 
	 based on:
	 	 similar waxes with a weight of 0.95
	 	 similar snows with a weight of 0.05
----------------------------------------

Recommendation Number 36:
----------------------------------------
Wax:
	 Layer 1 = Swix HF4 BWX
	 Layer 2 = Vauhti Blackfox powder
	 Layer 3 = Vauhti Foxgel wet
Rating:
	 Predicted rating = 2.5 
	 based on:
	 	 similar waxes with a weight of 0.95
	 	 similar snows with a weight of 0.05
----------------------------------------

Recommendation Number 37:
----------------------------------------
Wax:
	 Layer 1 = Swix HF4 BWX
	 Layer 2 = Vauhti Blackfox powder
	 Layer 3 = Ski Go C105 liquid
Rating:
	 Predicted rating = 2.5 
	 based on:
	 	 similar waxes with a weight of 0.95
	 	 similar snows with a weight of 0.05
----------------------------------------

Recommendation Number 38:
----------------------------------------
Wax:
	 Layer 1 = Swix HF8X
	 Layer 2 = Start SF30 Powder
	 Layer 3 = Vauhti Foxgel wet
Rating:
	 Predicted rating = 2.5 
	 based on:
	 	 similar waxes with a weight of 0.95
	 	 similar snows with a weight of 0.05
----------------------------------------

Recommendation Number 39:
----------------------------------------
Wax:
	 Layer 1 = Swix HF8X
	 Layer 2 = Start SFR30 Powder
	 Layer 3 = Vauhti Foxgel wet
Rating:
	 Predicted rating = 2.5 
	 based on:
	 	 similar waxes with a weight of 0.95
	 	 similar snows with a weight of 0.05
----------------------------------------

Recommendation Number 40:
----------------------------------------
Wax:
	 Layer 1 = Swix HF8X
	 Layer 2 = Start SFR30 Powder
	 Layer 3 = Ski Go C22 liquid
Rating:
	 Predicted rating = 2.5 
	 based on:
	 	 similar waxes with a weight of 0.95
	 	 similar snows with a weight of 0.05
----------------------------------------

Recommendation Number 41:
----------------------------------------
Wax:
	 Layer 1 = Swix HF8X
	 Layer 2 = Start SFR40 Powder
	 Layer 3 = Swix HVC Warm
Rating:
	 Predicted rating = 2.5 
	 based on:
	 	 similar waxes with a weight of 0.95
	 	 similar snows with a weight of 0.05
----------------------------------------

Recommendation Number 42:
----------------------------------------
Wax:
	 Layer 1 = Toko HF Yellow
	 Layer 2 = Start SFR40 Powder
	 Layer 3 = Vauhti Foxgel wet
Rating:
	 Predicted rating = 2.5 
	 based on:
	 	 similar waxes with a weight of 0.95
	 	 similar snows with a weight of 0.05
----------------------------------------

Recommendation Number 43:
----------------------------------------
Wax:
	 Layer 1 = Toko HF Yellow
	 Layer 2 = Start SFR40 Powder
	 Layer 3 = Ski Go C22 liquid
Rating:
	 Predicted rating = 2.5 
	 based on:
	 	 similar waxes with a weight of 0.95
	 	 similar snows with a weight of 0.05
----------------------------------------

Recommendation Number 44:
----------------------------------------
Wax:
	 Layer 1 = Toko HF Yellow
	 Layer 2 = Start SFR30 Powder
	 Layer 3 = Vauhti Foxgel wet
Rating:
	 Predicted rating = 2.5 
	 based on:
	 	 similar waxes with a weight of 0.95
	 	 similar snows with a weight of 0.05
----------------------------------------

Recommendation Number 45:
----------------------------------------
Wax:
	 Layer 1 = Toko HF Yellow
	 Layer 2 = Start SFR40 Powder
	 Layer 3 = Swix HVC Warm
Rating:
	 Predicted rating = 2.5 
	 based on:
	 	 similar waxes with a weight of 0.95
	 	 similar snows with a weight of 0.05
----------------------------------------

Recommendation Number 46:
----------------------------------------
Wax:
	 Layer 1 = Toko HF Yellow
	 Layer 2 = Start SFR30 Powder
	 Layer 3 = Ski Go C22 liquid
Rating:
	 Predicted rating = 2.5 
	 based on:
	 	 similar waxes with a weight of 0.95
	 	 similar snows with a weight of 0.05
----------------------------------------

Recommendation Number 47:
----------------------------------------
Wax:
	 Layer 1 = Start BM4 Molybdenum
	 Layer 2 = Swix FC8X
Rating:
	 Predicted rating = 2.5 
	 based on:
	 	 similar waxes with a weight of 0.95
	 	 similar snows with a weight of 0.05
----------------------------------------

Recommendation Number 48:
----------------------------------------
Wax:
	 Layer 1 = Swix HF8X
	 Layer 2 = Start SF30 Powder
	 Layer 3 = Ski Go C22 liquid
Rating:
	 Predicted rating = 2.5 
	 based on:
	 	 similar waxes with a weight of 0.95
	 	 similar snows with a weight of 0.05
----------------------------------------

Recommendation Number 49:
----------------------------------------
Wax:
	 Layer 1 = Swix HF8X
	 Layer 2 = Start SFR30 Powder
	 Layer 3 = Swix HVC Warm
Rating:
	 Predicted rating = 2.5 
	 based on:
	 	 similar waxes with a weight of 0.95
	 	 similar snows with a weight of 0.05
----------------------------------------

Recommendation Number 50:
----------------------------------------
Wax:
	 Layer 1 = Toko HF Yellow
	 Layer 2 = Start SF30 Powder
	 Layer 3 = Ski Go C22 liquid
Rating:
	 Predicted rating = 2.5 
	 based on:
	 	 similar waxes with a weight of 0.95
	 	 similar snows with a weight of 0.05
----------------------------------------

Recommendation Number 51:
----------------------------------------
Wax:
	 Layer 1 = Toko HF Yellow
	 Layer 2 = Start SFR30 Powder
	 Layer 3 = Swix HVC Warm
Rating:
	 Predicted rating = 2.5 
	 based on:
	 	 similar waxes with a weight of 0.95
	 	 similar snows with a weight of 0.05
----------------------------------------

Recommendation Number 52:
----------------------------------------
Wax:
	 Layer 1 = Toko HF Yellow
	 Layer 2 = Start SF30 Powder
	 Layer 3 = Vauhti Foxgel wet
Rating:
	 Predicted rating = 2.5 
	 based on:
	 	 similar waxes with a weight of 0.95
	 	 similar snows with a weight of 0.05
----------------------------------------

Recommendation Number 53:
----------------------------------------
Wax:
	 Layer 1 = Toko HF Yellow
	 Layer 2 = Start SF10 Powder
	 Layer 3 = Vauhti Foxgel wet
Rating:
	 Predicted rating = 2.5 
	 based on:
	 	 similar waxes with a weight of 0.95
	 	 similar snows with a weight of 0.05
----------------------------------------

Recommendation Number 54:
----------------------------------------
Wax:
	 Layer 1 = Toko HF Yellow
	 Layer 2 = Start SF10 Powder
	 Layer 3 = Ski Go C22 liquid
Rating:
	 Predicted rating = 2.5 
	 based on:
	 	 similar waxes with a weight of 0.95
	 	 similar snows with a weight of 0.05
----------------------------------------

Recommendation Number 55:
----------------------------------------
Wax:
	 Layer 1 = Toko HF Yellow
	 Layer 2 = Start SF30 Powder
	 Layer 3 = Swix HVC Warm
Rating:
	 Predicted rating = 2.5 
	 based on:
	 	 similar waxes with a weight of 0.95
	 	 similar snows with a weight of 0.05
----------------------------------------

Recommendation Number 56:
----------------------------------------
Wax:
	 Layer 1 = Ski Go HF Blue
	 Layer 2 = Vauhti Blackfox powder
	 Layer 3 = Ski Go C44/7 liquid
Rating:
	 Predicted rating = 2.5 
	 based on:
	 	 similar waxes with a weight of 0.95
	 	 similar snows with a weight of 0.05
----------------------------------------

Recommendation Number 57:
----------------------------------------
Wax:
	 Layer 1 = Ski Go HF Blue
	 Layer 2 = Vauhti Blackfox powder
	 Layer 3 = Ski Go C105 liquid
Rating:
	 Predicted rating = 2.5 
	 based on:
	 	 similar waxes with a weight of 0.95
	 	 similar snows with a weight of 0.05
----------------------------------------

Recommendation Number 58:
----------------------------------------
Wax:
	 Layer 1 = Ski Go HF Blue
	 Layer 2 = Vauhti Blackfox powder
	 Layer 3 = Vauhti hfC21.1 Flour Carbon Gel
Rating:
	 Predicted rating = 2.5 
	 based on:
	 	 similar waxes with a weight of 0.95
	 	 similar snows with a weight of 0.05
----------------------------------------

Recommendation Number 59:
----------------------------------------
Wax:
	 Layer 1 = Ski Go HF Blue
	 Layer 2 = Vauhti Blackfox powder
	 Layer 3 = Vauhti Foxgel wet
Rating:
	 Predicted rating = 2.5 
	 based on:
	 	 similar waxes with a weight of 0.95
	 	 similar snows with a weight of 0.05
----------------------------------------

Recommendation Number 60:
----------------------------------------
Wax:
	 Layer 1 = Ski Go HF Blue
	 Layer 2 = Vauhti Blackfox powder
	 Layer 3 = Ski Go C22 liquid
Rating:
	 Predicted rating = 2.5 
	 based on:
	 	 similar waxes with a weight of 0.95
	 	 similar snows with a weight of 0.05
----------------------------------------

Recommendation Number 61:
----------------------------------------
Wax:
	 Layer 1 = Swix HF5X
	 Layer 2 = Ski Go C105 powder
	 Layer 3 = Swix HVC Warm
Rating:
	 Predicted rating = 2.5 
	 based on:
	 	 similar waxes with a weight of 0.95
	 	 similar snows with a weight of 0.05
----------------------------------------

Recommendation Number 62:
----------------------------------------
Wax:
	 Layer 1 = Swix HF6X
	 Layer 2 = Start SFR40 Powder
	 Layer 3 = Vauhti Foxgel wet
Rating:
	 Predicted rating = 2.5 
	 based on:
	 	 similar waxes with a weight of 0.95
	 	 similar snows with a weight of 0.05
----------------------------------------

Recommendation Number 63:
----------------------------------------
Wax:
	 Layer 1 = Swix HF6X
	 Layer 2 = Start SFR40 Powder
	 Layer 3 = Ski Go C22 liquid
Rating:
	 Predicted rating = 2.5 
	 based on:
	 	 similar waxes with a weight of 0.95
	 	 similar snows with a weight of 0.05
----------------------------------------

Recommendation Number 64:
----------------------------------------
Wax:
	 Layer 1 = Swix HF8X
	 Layer 2 = Start SF30 Powder
	 Layer 3 = Swix HVC Warm
Rating:
	 Predicted rating = 2.5 
	 based on:
	 	 similar waxes with a weight of 0.95
	 	 similar snows with a weight of 0.05
----------------------------------------

Recommendation Number 65:
----------------------------------------
Wax:
	 Layer 1 = Toko HF Yellow
	 Layer 2 = Start SF10 Powder
	 Layer 3 = Swix HVC Warm
Rating:
	 Predicted rating = 2.5 
	 based on:
	 	 similar waxes with a weight of 0.95
	 	 similar snows with a weight of 0.05
----------------------------------------

Recommendation Number 66:
----------------------------------------
Wax:
	 Layer 1 = Ski Go HF Blue
	 Layer 2 = Vauhti Blackfox powder
	 Layer 3 = Swix HVC Warm
Rating:
	 Predicted rating = 2.5 
	 based on:
	 	 similar waxes with a weight of 0.95
	 	 similar snows with a weight of 0.05
----------------------------------------

Recommendation Number 67:
----------------------------------------
Wax:
	 Layer 1 = Ski Go HF Blue
	 Layer 2 = Vauhti hfC21.1
	 Layer 3 = Ski Go C44/7 liquid
Rating:
	 Predicted rating = 2.5 
	 based on:
	 	 similar waxes with a weight of 0.95
	 	 similar snows with a weight of 0.05
----------------------------------------

Recommendation Number 68:
----------------------------------------
Wax:
	 Layer 1 = Ski Go HF Blue
	 Layer 2 = Vauhti hfC21.1
	 Layer 3 = Ski Go C105 liquid
Rating:
	 Predicted rating = 2.5 
	 based on:
	 	 similar waxes with a weight of 0.95
	 	 similar snows with a weight of 0.05
----------------------------------------

Recommendation Number 69:
----------------------------------------
Wax:
	 Layer 1 = Swix HF8X
	 Layer 2 = Start SF10 Powder
	 Layer 3 = Ski Go C22 liquid
Rating:
	 Predicted rating = 2.5 
	 based on:
	 	 similar waxes with a weight of 0.95
	 	 similar snows with a weight of 0.05
----------------------------------------

Recommendation Number 70:
----------------------------------------
Wax:
	 Layer 1 = Toko HF Yellow
	 Layer 2 = Ski Go C105 powder
	 Layer 3 = Vauhti Foxgel wet
Rating:
	 Predicted rating = 2.5 
	 based on:
	 	 similar waxes with a weight of 0.95
	 	 similar snows with a weight of 0.05
----------------------------------------

Recommendation Number 71:
----------------------------------------
Wax:
	 Layer 1 = Toko HF Yellow
	 Layer 2 = Ski Go C105 powder
	 Layer 3 = Ski Go C22 liquid
Rating:
	 Predicted rating = 2.5 
	 based on:
	 	 similar waxes with a weight of 0.95
	 	 similar snows with a weight of 0.05
----------------------------------------

Recommendation Number 72:
----------------------------------------
Wax:
	 Layer 1 = Swix HF8X
	 Layer 2 = Start SF10 Powder
	 Layer 3 = Vauhti Foxgel wet
Rating:
	 Predicted rating = 2.5 
	 based on:
	 	 similar waxes with a weight of 0.95
	 	 similar snows with a weight of 0.05
----------------------------------------

Recommendation Number 73:
----------------------------------------
Wax:
	 Layer 1 = Toko HF Yellow
	 Layer 2 = Ski Go C105 powder
	 Layer 3 = Swix HVC Warm
Rating:
	 Predicted rating = 2.5 
	 based on:
	 	 similar waxes with a weight of 0.95
	 	 similar snows with a weight of 0.05
----------------------------------------

Recommendation Number 74:
----------------------------------------
Wax:
	 Layer 1 = Ski Go HF Blue
	 Layer 2 = Vauhti hfC9.1
	 Layer 3 = Vauhti Foxgel wet
Rating:
	 Predicted rating = 2.5 
	 based on:
	 	 similar waxes with a weight of 0.95
	 	 similar snows with a weight of 0.05
----------------------------------------

Recommendation Number 75:
----------------------------------------
Wax:
	 Layer 1 = Ski Go HF Blue
	 Layer 2 = Vauhti hfC9.1
	 Layer 3 = Ski Go C22 liquid
Rating:
	 Predicted rating = 2.5 
	 based on:
	 	 similar waxes with a weight of 0.95
	 	 similar snows with a weight of 0.05
----------------------------------------

Recommendation Number 76:
----------------------------------------
Wax:
	 Layer 1 = Swix HF6X
	 Layer 2 = Start SFR40 Powder
	 Layer 3 = Swix HVC Warm
Rating:
	 Predicted rating = 2.5 
	 based on:
	 	 similar waxes with a weight of 0.95
	 	 similar snows with a weight of 0.05
----------------------------------------

Recommendation Number 77:
----------------------------------------
Wax:
	 Layer 1 = Swix HF8X
	 Layer 2 = Start SF10 Powder
	 Layer 3 = Swix HVC Warm
Rating:
	 Predicted rating = 2.5 
	 based on:
	 	 similar waxes with a weight of 0.95
	 	 similar snows with a weight of 0.05
----------------------------------------

Recommendation Number 78:
----------------------------------------
Wax:
	 Layer 1 = Ski Go HF Blue
	 Layer 2 = Toko Jetstream Powder Blue
	 Layer 3 = Ski Go C22 liquid
Rating:
	 Predicted rating = 2.5 
	 based on:
	 	 similar waxes with a weight of 0.95
	 	 similar snows with a weight of 0.05
----------------------------------------

Recommendation Number 79:
----------------------------------------
Wax:
	 Layer 1 = Ski Go HF Blue
	 Layer 2 = Vauhti hfC9.1
	 Layer 3 = Swix HVC Warm
Rating:
	 Predicted rating = 2.5 
	 based on:
	 	 similar waxes with a weight of 0.95
	 	 similar snows with a weight of 0.05
----------------------------------------

Recommendation Number 80:
----------------------------------------
Wax:
	 Layer 1 = Ski Go HF Blue
	 Layer 2 = Toko Jetstream Powder Yellow
	 Layer 3 = Ski Go C22 liquid
Rating:
	 Predicted rating = 2.5 
	 based on:
	 	 similar waxes with a weight of 0.95
	 	 similar snows with a weight of 0.05
----------------------------------------

Recommendation Number 81:
----------------------------------------
Wax:
	 Layer 1 = Toko HF Yellow
	 Layer 2 = Vauhti Silverfox wet
	 Layer 3 = Ski Go C22 liquid
Rating:
	 Predicted rating = 2.5 
	 based on:
	 	 similar waxes with a weight of 0.95
	 	 similar snows with a weight of 0.05
----------------------------------------

Recommendation Number 82:
----------------------------------------
Wax:
	 Layer 1 = Toko HF Yellow
	 Layer 2 = Ski Go C22 powder
	 Layer 3 = Ski Go C22 liquid
Rating:
	 Predicted rating = 2.5 
	 based on:
	 	 similar waxes with a weight of 0.95
	 	 similar snows with a weight of 0.05
----------------------------------------

Recommendation Number 83:
----------------------------------------
Wax:
	 Layer 1 = Ski Go HF Blue
	 Layer 2 = Swix FC8X
	 Layer 3 = Ski Go C22 liquid
Rating:
	 Predicted rating = 2.5 
	 based on:
	 	 similar waxes with a weight of 0.95
	 	 similar snows with a weight of 0.05
----------------------------------------

Recommendation Number 84:
----------------------------------------
Wax:
	 Layer 1 = Ski Go HF Blue
	 Layer 2 = Swix FC8X
	 Layer 3 = Ski Go C44/7 liquid
Rating:
	 Predicted rating = 2.5 
	 based on:
	 	 similar waxes with a weight of 0.95
	 	 similar snows with a weight of 0.05
----------------------------------------

Recommendation Number 85:
----------------------------------------
Wax:
	 Layer 1 = Ski Go HF Blue
	 Layer 2 = Swix FC8X
	 Layer 3 = Vauhti Foxgel wet
Rating:
	 Predicted rating = 2.5 
	 based on:
	 	 similar waxes with a weight of 0.95
	 	 similar snows with a weight of 0.05
----------------------------------------

Recommendation Number 86:
----------------------------------------
Wax:
	 Layer 1 = Ski Go HF Blue
	 Layer 2 = Swix FC7X
	 Layer 3 = Ski Go C22 liquid
Rating:
	 Predicted rating = 2.5 
	 based on:
	 	 similar waxes with a weight of 0.95
	 	 similar snows with a weight of 0.05
----------------------------------------

Recommendation Number 87:
----------------------------------------
Wax:
	 Layer 1 = Ski Go HF Blue
	 Layer 2 = Swix FC8X
	 Layer 3 = Swix HVC Warm
Rating:
	 Predicted rating = 2.5 
	 based on:
	 	 similar waxes with a weight of 0.95
	 	 similar snows with a weight of 0.05
----------------------------------------

Recommendation Number 88:
----------------------------------------
Wax:
	 Layer 1 = Ski Go HF Blue
	 Layer 2 = Swix FC7X
	 Layer 3 = Ski Go C44/7 liquid
Rating:
	 Predicted rating = 2.5 
	 based on:
	 	 similar waxes with a weight of 0.95
	 	 similar snows with a weight of 0.05
----------------------------------------

Recommendation Number 89:
----------------------------------------
Wax:
	 Layer 1 = Swix HF4 BWX
	 Layer 2 = Vauhti Blackfox powder
	 Layer 3 = Ski Go C22 liquid
Rating:
	 Predicted rating = 2.5 
	 based on:
	 	 similar waxes with a weight of 0.95
	 	 similar snows with a weight of 0.05
----------------------------------------

Recommendation Number 90:
----------------------------------------
Wax:
	 Layer 1 = Swix HF4 BWX
	 Layer 2 = Vauhti Blackfox powder
	 Layer 3 = Ski Go C44/7 liquid
Rating:
	 Predicted rating = 2.5 
	 based on:
	 	 similar waxes with a weight of 0.95
	 	 similar snows with a weight of 0.05
----------------------------------------

Recommendation Number 91:
----------------------------------------
Wax:
	 Layer 1 = Swix HF6X
	 Layer 2 = Start SFR30 Powder
	 Layer 3 = Vauhti Foxgel wet
Rating:
	 Predicted rating = 2.5 
	 based on:
	 	 similar waxes with a weight of 0.95
	 	 similar snows with a weight of 0.05
----------------------------------------

Recommendation Number 92:
----------------------------------------
Wax:
	 Layer 1 = Swix HF6X
	 Layer 2 = Start SFR30 Powder
	 Layer 3 = Ski Go C22 liquid
Rating:
	 Predicted rating = 2.5 
	 based on:
	 	 similar waxes with a weight of 0.95
	 	 similar snows with a weight of 0.05
----------------------------------------

Recommendation Number 93:
----------------------------------------
Wax:
	 Layer 1 = Swix HF8X
	 Layer 2 = Ski Go C105 powder
	 Layer 3 = Ski Go C22 liquid
Rating:
	 Predicted rating = 2.5 
	 based on:
	 	 similar waxes with a weight of 0.95
	 	 similar snows with a weight of 0.05
----------------------------------------

Recommendation Number 94:
----------------------------------------
Wax:
	 Layer 1 = Swix HF8X
	 Layer 2 = Ski Go C105 powder
	 Layer 3 = Ski Go C44/7 liquid
Rating:
	 Predicted rating = 2.5 
	 based on:
	 	 similar waxes with a weight of 0.95
	 	 similar snows with a weight of 0.05
----------------------------------------

Recommendation Number 95:
----------------------------------------
Wax:
	 Layer 1 = Ski Go HF Blue
	 Layer 2 = Swix FC7X
	 Layer 3 = Vauhti Foxgel wet
Rating:
	 Predicted rating = 2.5 
	 based on:
	 	 similar waxes with a weight of 0.95
	 	 similar snows with a weight of 0.05
----------------------------------------

Recommendation Number 96:
----------------------------------------
Wax:
	 Layer 1 = Ski Go HF Blue
	 Layer 2 = Swix FC7X
	 Layer 3 = Swix HVC Warm
Rating:
	 Predicted rating = 2.5 
	 based on:
	 	 similar waxes with a weight of 0.95
	 	 similar snows with a weight of 0.05
----------------------------------------

Recommendation Number 97:
----------------------------------------
Wax:
	 Layer 1 = Swix HF8X
	 Layer 2 = Ski Go C105 powder
	 Layer 3 = Vauhti Foxgel wet
Rating:
	 Predicted rating = 2.5 
	 based on:
	 	 similar waxes with a weight of 0.95
	 	 similar snows with a weight of 0.05
----------------------------------------

Recommendation Number 98:
----------------------------------------
Wax:
	 Layer 1 = Ski Go HF Blue
	 Layer 2 = Swix FC6X
	 Layer 3 = Ski Go C44/7 liquid
Rating:
	 Predicted rating = 2.5 
	 based on:
	 	 similar waxes with a weight of 0.95
	 	 similar snows with a weight of 0.05
----------------------------------------

Recommendation Number 99:
----------------------------------------
Wax:
	 Layer 1 = Ski Go HF Blue
	 Layer 2 = Swix FC6X
	 Layer 3 = Vauhti Foxgel wet
Rating:
	 Predicted rating = 2.5 
	 based on:
	 	 similar waxes with a weight of 0.95
	 	 similar snows with a weight of 0.05
----------------------------------------

Recommendation Number 100:
----------------------------------------
Wax:
	 Layer 1 = Ski Go HF Blue
	 Layer 2 = Swix FC6X
	 Layer 3 = Ski Go C22 liquid
Rating:
	 Predicted rating = 2.5 
	 based on:
	 	 similar waxes with a weight of 0.95
	 	 similar snows with a weight of 0.05
----------------------------------------

